{"C:\\Bootcam FE23+\\latihan-React\\ASSIGMENTDAY30\\assignment_30\\fileMock.js": {"path":"C:\\Bootcam FE23+\\latihan-React\\ASSIGMENTDAY30\\assignment_30\\fileMock.js","statementMap":{},"fnMap":{},"branchMap":{},"s":{},"f":{},"b":{},"_coverageSchema":"1a1c01bbd47fc00a2c39e90264f33305004495a9","hash":"7a303c1e72304f3ba08fae5baf560a564eab64e6"}
,"C:\\Bootcam FE23+\\latihan-React\\ASSIGMENTDAY30\\assignment_30\\src\\components\\EmailInfoModal.jsx": {"path":"C:\\Bootcam FE23+\\latihan-React\\ASSIGMENTDAY30\\assignment_30\\src\\components\\EmailInfoModal.jsx","statementMap":{"0":{"start":{"line":3,"column":23},"end":{"line":40,"column":1}},"1":{"start":{"line":4,"column":2},"end":{"line":4,"column":27}},"2":{"start":{"line":4,"column":15},"end":{"line":4,"column":27}},"3":{"start":{"line":6,"column":2},"end":{"line":39,"column":4}},"4":{"start":{"line":16,"column":24},"end":{"line":16,"column":43}}},"fnMap":{"0":{"name":"(anonymous_0)","decl":{"start":{"line":3,"column":23},"end":{"line":3,"column":24}},"loc":{"start":{"line":3,"column":48},"end":{"line":40,"column":1}},"line":3},"1":{"name":"(anonymous_1)","decl":{"start":{"line":16,"column":17},"end":{"line":16,"column":18}},"loc":{"start":{"line":16,"column":24},"end":{"line":16,"column":43}},"line":16}},"branchMap":{"0":{"loc":{"start":{"line":4,"column":2},"end":{"line":4,"column":27}},"type":"if","locations":[{"start":{"line":4,"column":2},"end":{"line":4,"column":27}},{"start":{},"end":{}}],"line":4}},"s":{"0":2,"1":17,"2":13,"3":4,"4":2},"f":{"0":17,"1":2},"b":{"0":[13,4]},"_coverageSchema":"1a1c01bbd47fc00a2c39e90264f33305004495a9","hash":"5f16d0445426748316be86c99df0cfea8f8f35d1"}
,"C:\\Bootcam FE23+\\latihan-React\\ASSIGMENTDAY30\\assignment_30\\src\\components\\HomeCard.jsx": {"path":"C:\\Bootcam FE23+\\latihan-React\\ASSIGMENTDAY30\\assignment_30\\src\\components\\HomeCard.jsx","statementMap":{"0":{"start":{"line":5,"column":2},"end":{"line":43,"column":4}},"1":{"start":{"line":46,"column":0},"end":{"line":60,"column":2}}},"fnMap":{"0":{"name":"HomeCard","decl":{"start":{"line":4,"column":24},"end":{"line":4,"column":32}},"loc":{"start":{"line":4,"column":59},"end":{"line":44,"column":1}},"line":4}},"branchMap":{"0":{"loc":{"start":{"line":31,"column":9},"end":{"line":31,"column":31}},"type":"binary-expr","locations":[{"start":{"line":31,"column":9},"end":{"line":31,"column":18}},{"start":{"line":31,"column":22},"end":{"line":31,"column":31}}],"line":31},"1":{"loc":{"start":{"line":31,"column":36},"end":{"line":31,"column":58}},"type":"binary-expr","locations":[{"start":{"line":31,"column":36},"end":{"line":31,"column":45}},{"start":{"line":31,"column":49},"end":{"line":31,"column":58}}],"line":31},"2":{"loc":{"start":{"line":32,"column":9},"end":{"line":32,"column":35}},"type":"binary-expr","locations":[{"start":{"line":32,"column":9},"end":{"line":32,"column":22}},{"start":{"line":32,"column":26},"end":{"line":32,"column":35}}],"line":32}},"s":{"0":3,"1":1},"f":{"0":3},"b":{"0":[3,1],"1":[3,1],"2":[3,1]},"_coverageSchema":"1a1c01bbd47fc00a2c39e90264f33305004495a9","hash":"b72268e59da7900305447f6e33fd7ecf64d23a7c"}
,"C:\\Bootcam FE23+\\latihan-React\\ASSIGMENTDAY30\\assignment_30\\src\\components\\Navbar.jsx": {"path":"C:\\Bootcam FE23+\\latihan-React\\ASSIGMENTDAY30\\assignment_30\\src\\components\\Navbar.jsx","statementMap":{"0":{"start":{"line":4,"column":15},"end":{"line":221,"column":1}},"1":{"start":{"line":5,"column":30},"end":{"line":5,"column":45}},"2":{"start":{"line":6,"column":42},"end":{"line":6,"column":57}},"3":{"start":{"line":7,"column":38},"end":{"line":7,"column":53}},"4":{"start":{"line":9,"column":19},"end":{"line":9,"column":32}},"5":{"start":{"line":10,"column":19},"end":{"line":10,"column":32}},"6":{"start":{"line":11,"column":22},"end":{"line":11,"column":34}},"7":{"start":{"line":13,"column":2},"end":{"line":27,"column":9}},"8":{"start":{"line":14,"column":30},"end":{"line":16,"column":5}},"9":{"start":{"line":15,"column":6},"end":{"line":15,"column":53}},"10":{"start":{"line":18,"column":4},"end":{"line":18,"column":24}},"11":{"start":{"line":20,"column":4},"end":{"line":20,"column":58}},"12":{"start":{"line":21,"column":4},"end":{"line":21,"column":69}},"13":{"start":{"line":23,"column":4},"end":{"line":26,"column":6}},"14":{"start":{"line":24,"column":6},"end":{"line":24,"column":63}},"15":{"start":{"line":25,"column":6},"end":{"line":25,"column":74}},"16":{"start":{"line":29,"column":2},"end":{"line":45,"column":21}},"17":{"start":{"line":30,"column":31},"end":{"line":34,"column":5}},"18":{"start":{"line":31,"column":6},"end":{"line":33,"column":7}},"19":{"start":{"line":32,"column":8},"end":{"line":32,"column":31}},"20":{"start":{"line":36,"column":4},"end":{"line":40,"column":5}},"21":{"start":{"line":37,"column":6},"end":{"line":37,"column":65}},"22":{"start":{"line":39,"column":6},"end":{"line":39,"column":68}},"23":{"start":{"line":42,"column":4},"end":{"line":44,"column":6}},"24":{"start":{"line":43,"column":6},"end":{"line":43,"column":68}},"25":{"start":{"line":47,"column":21},"end":{"line":47,"column":45}},"26":{"start":{"line":47,"column":27},"end":{"line":47,"column":45}},"27":{"start":{"line":48,"column":25},"end":{"line":48,"column":61}},"28":{"start":{"line":48,"column":31},"end":{"line":48,"column":61}},"29":{"start":{"line":50,"column":23},"end":{"line":56,"column":3}},"30":{"start":{"line":51,"column":4},"end":{"line":51,"column":37}},"31":{"start":{"line":52,"column":4},"end":{"line":52,"column":58}},"32":{"start":{"line":53,"column":4},"end":{"line":53,"column":27}},"33":{"start":{"line":54,"column":4},"end":{"line":54,"column":21}},"34":{"start":{"line":55,"column":4},"end":{"line":55,"column":23}},"35":{"start":{"line":59,"column":4},"end":{"line":61,"column":43}},"36":{"start":{"line":63,"column":2},"end":{"line":220,"column":4}},"37":{"start":{"line":77,"column":29},"end":{"line":77,"column":51}},"38":{"start":{"line":118,"column":35},"end":{"line":118,"column":57}},"39":{"start":{"line":125,"column":35},"end":{"line":125,"column":57}},"40":{"start":{"line":182,"column":29},"end":{"line":182,"column":45}},"41":{"start":{"line":193,"column":31},"end":{"line":193,"column":47}},"42":{"start":{"line":200,"column":31},"end":{"line":200,"column":47}},"43":{"start":{"line":208,"column":16},"end":{"line":208,"column":31}},"44":{"start":{"line":209,"column":16},"end":{"line":209,"column":33}}},"fnMap":{"0":{"name":"(anonymous_0)","decl":{"start":{"line":4,"column":15},"end":{"line":4,"column":16}},"loc":{"start":{"line":4,"column":21},"end":{"line":221,"column":1}},"line":4},"1":{"name":"(anonymous_1)","decl":{"start":{"line":13,"column":12},"end":{"line":13,"column":13}},"loc":{"start":{"line":13,"column":18},"end":{"line":27,"column":3}},"line":13},"2":{"name":"(anonymous_2)","decl":{"start":{"line":14,"column":30},"end":{"line":14,"column":31}},"loc":{"start":{"line":14,"column":36},"end":{"line":16,"column":5}},"line":14},"3":{"name":"(anonymous_3)","decl":{"start":{"line":23,"column":11},"end":{"line":23,"column":12}},"loc":{"start":{"line":23,"column":17},"end":{"line":26,"column":5}},"line":23},"4":{"name":"(anonymous_4)","decl":{"start":{"line":29,"column":12},"end":{"line":29,"column":13}},"loc":{"start":{"line":29,"column":18},"end":{"line":45,"column":3}},"line":29},"5":{"name":"(anonymous_5)","decl":{"start":{"line":30,"column":31},"end":{"line":30,"column":32}},"loc":{"start":{"line":30,"column":42},"end":{"line":34,"column":5}},"line":30},"6":{"name":"(anonymous_6)","decl":{"start":{"line":42,"column":11},"end":{"line":42,"column":12}},"loc":{"start":{"line":42,"column":17},"end":{"line":44,"column":5}},"line":42},"7":{"name":"(anonymous_7)","decl":{"start":{"line":47,"column":21},"end":{"line":47,"column":22}},"loc":{"start":{"line":47,"column":27},"end":{"line":47,"column":45}},"line":47},"8":{"name":"(anonymous_8)","decl":{"start":{"line":48,"column":25},"end":{"line":48,"column":26}},"loc":{"start":{"line":48,"column":31},"end":{"line":48,"column":61}},"line":48},"9":{"name":"(anonymous_9)","decl":{"start":{"line":50,"column":23},"end":{"line":50,"column":24}},"loc":{"start":{"line":50,"column":29},"end":{"line":56,"column":3}},"line":50},"10":{"name":"(anonymous_10)","decl":{"start":{"line":77,"column":23},"end":{"line":77,"column":24}},"loc":{"start":{"line":77,"column":29},"end":{"line":77,"column":51}},"line":77},"11":{"name":"(anonymous_11)","decl":{"start":{"line":118,"column":29},"end":{"line":118,"column":30}},"loc":{"start":{"line":118,"column":35},"end":{"line":118,"column":57}},"line":118},"12":{"name":"(anonymous_12)","decl":{"start":{"line":125,"column":29},"end":{"line":125,"column":30}},"loc":{"start":{"line":125,"column":35},"end":{"line":125,"column":57}},"line":125},"13":{"name":"(anonymous_13)","decl":{"start":{"line":182,"column":23},"end":{"line":182,"column":24}},"loc":{"start":{"line":182,"column":29},"end":{"line":182,"column":45}},"line":182},"14":{"name":"(anonymous_14)","decl":{"start":{"line":193,"column":25},"end":{"line":193,"column":26}},"loc":{"start":{"line":193,"column":31},"end":{"line":193,"column":47}},"line":193},"15":{"name":"(anonymous_15)","decl":{"start":{"line":200,"column":25},"end":{"line":200,"column":26}},"loc":{"start":{"line":200,"column":31},"end":{"line":200,"column":47}},"line":200},"16":{"name":"(anonymous_16)","decl":{"start":{"line":207,"column":23},"end":{"line":207,"column":24}},"loc":{"start":{"line":207,"column":29},"end":{"line":210,"column":15}},"line":207}},"branchMap":{"0":{"loc":{"start":{"line":31,"column":6},"end":{"line":33,"column":7}},"type":"if","locations":[{"start":{"line":31,"column":6},"end":{"line":33,"column":7}},{"start":{},"end":{}}],"line":31},"1":{"loc":{"start":{"line":31,"column":10},"end":{"line":31,"column":76}},"type":"binary-expr","locations":[{"start":{"line":31,"column":10},"end":{"line":31,"column":29}},{"start":{"line":31,"column":33},"end":{"line":31,"column":76}}],"line":31},"2":{"loc":{"start":{"line":36,"column":4},"end":{"line":40,"column":5}},"type":"if","locations":[{"start":{"line":36,"column":4},"end":{"line":40,"column":5}},{"start":{"line":38,"column":11},"end":{"line":40,"column":5}}],"line":36},"3":{"loc":{"start":{"line":59,"column":4},"end":{"line":61,"column":43}},"type":"binary-expr","locations":[{"start":{"line":59,"column":4},"end":{"line":59,"column":34}},{"start":{"line":60,"column":4},"end":{"line":60,"column":37}},{"start":{"line":61,"column":4},"end":{"line":61,"column":43}}],"line":59},"4":{"loc":{"start":{"line":73,"column":11},"end":{"line":81,"column":11}},"type":"binary-expr","locations":[{"start":{"line":73,"column":11},"end":{"line":73,"column":23}},{"start":{"line":74,"column":12},"end":{"line":80,"column":19}}],"line":73},"5":{"loc":{"start":{"line":107,"column":11},"end":{"line":140,"column":11}},"type":"binary-expr","locations":[{"start":{"line":107,"column":11},"end":{"line":107,"column":23}},{"start":{"line":108,"column":12},"end":{"line":139,"column":18}}],"line":107},"6":{"loc":{"start":{"line":113,"column":15},"end":{"line":138,"column":15}},"type":"cond-expr","locations":[{"start":{"line":114,"column":16},"end":{"line":129,"column":19}},{"start":{"line":131,"column":16},"end":{"line":137,"column":25}}],"line":113},"7":{"loc":{"start":{"line":156,"column":13},"end":{"line":170,"column":13}},"type":"cond-expr","locations":[{"start":{"line":157,"column":14},"end":{"line":162,"column":16}},{"start":{"line":164,"column":14},"end":{"line":169,"column":16}}],"line":156},"8":{"loc":{"start":{"line":176,"column":7},"end":{"line":218,"column":7}},"type":"binary-expr","locations":[{"start":{"line":176,"column":7},"end":{"line":176,"column":13}},{"start":{"line":177,"column":8},"end":{"line":217,"column":14}}],"line":176},"9":{"loc":{"start":{"line":178,"column":11},"end":{"line":186,"column":11}},"type":"binary-expr","locations":[{"start":{"line":178,"column":11},"end":{"line":178,"column":23}},{"start":{"line":179,"column":12},"end":{"line":185,"column":19}}],"line":178},"10":{"loc":{"start":{"line":188,"column":11},"end":{"line":216,"column":11}},"type":"cond-expr","locations":[{"start":{"line":189,"column":12},"end":{"line":204,"column":15}},{"start":{"line":206,"column":12},"end":{"line":215,"column":21}}],"line":188}},"s":{"0":1,"1":42,"2":42,"3":42,"4":42,"5":42,"6":42,"7":42,"8":13,"9":15,"10":13,"11":13,"12":13,"13":13,"14":13,"15":13,"16":42,"17":21,"18":1,"19":1,"20":21,"21":5,"22":16,"23":21,"24":21,"25":42,"26":8,"27":42,"28":5,"29":42,"30":2,"31":2,"32":2,"33":2,"34":2,"35":42,"36":42,"37":0,"38":1,"39":0,"40":0,"41":0,"42":1,"43":1,"44":1},"f":{"0":42,"1":13,"2":15,"3":13,"4":21,"5":1,"6":21,"7":8,"8":5,"9":2,"10":0,"11":1,"12":0,"13":0,"14":0,"15":1,"16":1},"b":{"0":[1,0],"1":[1,1],"2":[5,16],"3":[42,41,41],"4":[42,1],"5":[42,8],"6":[6,2],"7":[11,31],"8":[42,11],"9":[11,0],"10":[10,1]},"_coverageSchema":"1a1c01bbd47fc00a2c39e90264f33305004495a9","hash":"5487c1fdf9bf58dd6332df7a6cff88eefd87f3a9"}
,"C:\\Bootcam FE23+\\latihan-React\\ASSIGMENTDAY30\\assignment_30\\src\\components\\UserCard.jsx": {"path":"C:\\Bootcam FE23+\\latihan-React\\ASSIGMENTDAY30\\assignment_30\\src\\components\\UserCard.jsx","statementMap":{"0":{"start":{"line":3,"column":16},"end":{"line":8,"column":1}},"1":{"start":{"line":10,"column":23},"end":{"line":26,"column":1}},"2":{"start":{"line":28,"column":28},"end":{"line":45,"column":1}},"3":{"start":{"line":47,"column":17},"end":{"line":196,"column":1}},"4":{"start":{"line":48,"column":2},"end":{"line":52,"column":3}},"5":{"start":{"line":49,"column":4},"end":{"line":51,"column":6}},"6":{"start":{"line":54,"column":2},"end":{"line":195,"column":4}},"7":{"start":{"line":84,"column":12},"end":{"line":95,"column":17}},"8":{"start":{"line":105,"column":14},"end":{"line":144,"column":20}},"9":{"start":{"line":187,"column":14},"end":{"line":189,"column":21}}},"fnMap":{"0":{"name":"(anonymous_0)","decl":{"start":{"line":47,"column":17},"end":{"line":47,"column":18}},"loc":{"start":{"line":47,"column":67},"end":{"line":196,"column":1}},"line":47},"1":{"name":"(anonymous_1)","decl":{"start":{"line":83,"column":30},"end":{"line":83,"column":31}},"loc":{"start":{"line":84,"column":12},"end":{"line":95,"column":17}},"line":84},"2":{"name":"(anonymous_2)","decl":{"start":{"line":104,"column":30},"end":{"line":104,"column":31}},"loc":{"start":{"line":105,"column":14},"end":{"line":144,"column":20}},"line":105},"3":{"name":"(anonymous_3)","decl":{"start":{"line":186,"column":34},"end":{"line":186,"column":35}},"loc":{"start":{"line":187,"column":14},"end":{"line":189,"column":21}},"line":187}},"branchMap":{"0":{"loc":{"start":{"line":47,"column":26},"end":{"line":47,"column":60}},"type":"default-arg","locations":[{"start":{"line":47,"column":41},"end":{"line":47,"column":60}}],"line":47},"1":{"loc":{"start":{"line":48,"column":2},"end":{"line":52,"column":3}},"type":"if","locations":[{"start":{"line":48,"column":2},"end":{"line":52,"column":3}},{"start":{},"end":{}}],"line":48},"2":{"loc":{"start":{"line":100,"column":7},"end":{"line":148,"column":7}},"type":"binary-expr","locations":[{"start":{"line":100,"column":7},"end":{"line":100,"column":30}},{"start":{"line":101,"column":8},"end":{"line":147,"column":18}}],"line":100},"3":{"loc":{"start":{"line":109,"column":17},"end":{"line":119,"column":17}},"type":"binary-expr","locations":[{"start":{"line":109,"column":17},"end":{"line":109,"column":33}},{"start":{"line":110,"column":18},"end":{"line":118,"column":20}}],"line":109},"4":{"loc":{"start":{"line":133,"column":19},"end":{"line":142,"column":19}},"type":"binary-expr","locations":[{"start":{"line":133,"column":19},"end":{"line":133,"column":31}},{"start":{"line":134,"column":20},"end":{"line":141,"column":24}}],"line":133}},"s":{"0":1,"1":1,"2":1,"3":1,"4":5,"5":1,"6":4,"7":12,"8":3,"9":12},"f":{"0":5,"1":12,"2":3,"3":12},"b":{"0":[2],"1":[1,4],"2":[4,2],"3":[3,3],"4":[3,3]},"_coverageSchema":"1a1c01bbd47fc00a2c39e90264f33305004495a9","hash":"16979bad0b8c14aa8c1db0c94d61c61615b2c00d"}
,"C:\\Bootcam FE23+\\latihan-React\\ASSIGMENTDAY30\\assignment_30\\src\\pages\\HomePage.jsx": {"path":"C:\\Bootcam FE23+\\latihan-React\\ASSIGMENTDAY30\\assignment_30\\src\\pages\\HomePage.jsx","statementMap":{"0":{"start":{"line":6,"column":26},"end":{"line":13,"column":1}},"1":{"start":{"line":15,"column":17},"end":{"line":203,"column":1}},"2":{"start":{"line":16,"column":19},"end":{"line":16,"column":32}},"3":{"start":{"line":17,"column":28},"end":{"line":17,"column":40}},"4":{"start":{"line":18,"column":26},"end":{"line":18,"column":37}},"5":{"start":{"line":19,"column":38},"end":{"line":19,"column":49}},"6":{"start":{"line":20,"column":32},"end":{"line":20,"column":47}},"7":{"start":{"line":21,"column":28},"end":{"line":21,"column":42}},"8":{"start":{"line":22,"column":30},"end":{"line":22,"column":42}},"9":{"start":{"line":23,"column":16},"end":{"line":23,"column":45}},"10":{"start":{"line":25,"column":2},"end":{"line":54,"column":30}},"11":{"start":{"line":26,"column":4},"end":{"line":29,"column":5}},"12":{"start":{"line":27,"column":6},"end":{"line":27,"column":25}},"13":{"start":{"line":28,"column":6},"end":{"line":28,"column":13}},"14":{"start":{"line":31,"column":23},"end":{"line":51,"column":5}},"15":{"start":{"line":32,"column":6},"end":{"line":50,"column":7}},"16":{"start":{"line":33,"column":8},"end":{"line":33,"column":25}},"17":{"start":{"line":34,"column":8},"end":{"line":34,"column":23}},"18":{"start":{"line":35,"column":20},"end":{"line":43,"column":9}},"19":{"start":{"line":44,"column":8},"end":{"line":44,"column":32}},"20":{"start":{"line":45,"column":8},"end":{"line":45,"column":44}},"21":{"start":{"line":47,"column":8},"end":{"line":47,"column":51}},"22":{"start":{"line":49,"column":8},"end":{"line":49,"column":26}},"23":{"start":{"line":53,"column":4},"end":{"line":53,"column":17}},"24":{"start":{"line":56,"column":2},"end":{"line":61,"column":9}},"25":{"start":{"line":57,"column":23},"end":{"line":59,"column":14}},"26":{"start":{"line":58,"column":6},"end":{"line":58,"column":31}},"27":{"start":{"line":60,"column":4},"end":{"line":60,"column":43}},"28":{"start":{"line":60,"column":17},"end":{"line":60,"column":42}},"29":{"start":{"line":63,"column":24},"end":{"line":67,"column":3}},"30":{"start":{"line":64,"column":4},"end":{"line":66,"column":37}},"31":{"start":{"line":69,"column":25},"end":{"line":71,"column":3}},"32":{"start":{"line":70,"column":4},"end":{"line":70,"column":29}},"33":{"start":{"line":73,"column":2},"end":{"line":202,"column":4}},"34":{"start":{"line":121,"column":33},"end":{"line":121,"column":58}},"35":{"start":{"line":148,"column":20},"end":{"line":148,"column":69}},"36":{"start":{"line":149,"column":18},"end":{"line":156,"column":20}},"37":{"start":{"line":154,"column":38},"end":{"line":154,"column":61}},"38":{"start":{"line":171,"column":31},"end":{"line":171,"column":65}},"39":{"start":{"line":171,"column":46},"end":{"line":171,"column":64}},"40":{"start":{"line":178,"column":16},"end":{"line":188,"column":25}},"41":{"start":{"line":180,"column":33},"end":{"line":180,"column":47}},"42":{"start":{"line":191,"column":31},"end":{"line":191,"column":74}},"43":{"start":{"line":191,"column":46},"end":{"line":191,"column":73}}},"fnMap":{"0":{"name":"(anonymous_0)","decl":{"start":{"line":15,"column":17},"end":{"line":15,"column":18}},"loc":{"start":{"line":15,"column":23},"end":{"line":203,"column":1}},"line":15},"1":{"name":"(anonymous_1)","decl":{"start":{"line":25,"column":12},"end":{"line":25,"column":13}},"loc":{"start":{"line":25,"column":18},"end":{"line":54,"column":3}},"line":25},"2":{"name":"(anonymous_2)","decl":{"start":{"line":31,"column":23},"end":{"line":31,"column":24}},"loc":{"start":{"line":31,"column":35},"end":{"line":51,"column":5}},"line":31},"3":{"name":"(anonymous_3)","decl":{"start":{"line":56,"column":12},"end":{"line":56,"column":13}},"loc":{"start":{"line":56,"column":18},"end":{"line":61,"column":3}},"line":56},"4":{"name":"(anonymous_4)","decl":{"start":{"line":57,"column":35},"end":{"line":57,"column":36}},"loc":{"start":{"line":57,"column":41},"end":{"line":59,"column":5}},"line":57},"5":{"name":"(anonymous_5)","decl":{"start":{"line":60,"column":11},"end":{"line":60,"column":12}},"loc":{"start":{"line":60,"column":17},"end":{"line":60,"column":42}},"line":60},"6":{"name":"(anonymous_6)","decl":{"start":{"line":63,"column":37},"end":{"line":63,"column":38}},"loc":{"start":{"line":64,"column":4},"end":{"line":66,"column":37}},"line":64},"7":{"name":"(anonymous_7)","decl":{"start":{"line":69,"column":25},"end":{"line":69,"column":26}},"loc":{"start":{"line":69,"column":33},"end":{"line":71,"column":3}},"line":69},"8":{"name":"(anonymous_8)","decl":{"start":{"line":121,"column":26},"end":{"line":121,"column":27}},"loc":{"start":{"line":121,"column":33},"end":{"line":121,"column":58}},"line":121},"9":{"name":"(anonymous_9)","decl":{"start":{"line":146,"column":34},"end":{"line":146,"column":35}},"loc":{"start":{"line":146,"column":49},"end":{"line":157,"column":17}},"line":146},"10":{"name":"(anonymous_10)","decl":{"start":{"line":154,"column":32},"end":{"line":154,"column":33}},"loc":{"start":{"line":154,"column":38},"end":{"line":154,"column":61}},"line":154},"11":{"name":"(anonymous_11)","decl":{"start":{"line":171,"column":25},"end":{"line":171,"column":26}},"loc":{"start":{"line":171,"column":31},"end":{"line":171,"column":65}},"line":171},"12":{"name":"(anonymous_12)","decl":{"start":{"line":171,"column":39},"end":{"line":171,"column":40}},"loc":{"start":{"line":171,"column":46},"end":{"line":171,"column":64}},"line":171},"13":{"name":"(anonymous_13)","decl":{"start":{"line":177,"column":42},"end":{"line":177,"column":43}},"loc":{"start":{"line":178,"column":16},"end":{"line":188,"column":25}},"line":178},"14":{"name":"(anonymous_14)","decl":{"start":{"line":180,"column":27},"end":{"line":180,"column":28}},"loc":{"start":{"line":180,"column":33},"end":{"line":180,"column":47}},"line":180},"15":{"name":"(anonymous_15)","decl":{"start":{"line":191,"column":25},"end":{"line":191,"column":26}},"loc":{"start":{"line":191,"column":31},"end":{"line":191,"column":74}},"line":191},"16":{"name":"(anonymous_16)","decl":{"start":{"line":191,"column":39},"end":{"line":191,"column":40}},"loc":{"start":{"line":191,"column":46},"end":{"line":191,"column":73}},"line":191}},"branchMap":{"0":{"loc":{"start":{"line":26,"column":4},"end":{"line":29,"column":5}},"type":"if","locations":[{"start":{"line":26,"column":4},"end":{"line":29,"column":5}},{"start":{},"end":{}}],"line":26},"1":{"loc":{"start":{"line":76,"column":9},"end":{"line":199,"column":9}},"type":"cond-expr","locations":[{"start":{"line":77,"column":10},"end":{"line":104,"column":16}},{"start":{"line":106,"column":10},"end":{"line":198,"column":13}}],"line":76},"2":{"loc":{"start":{"line":137,"column":13},"end":{"line":141,"column":13}},"type":"binary-expr","locations":[{"start":{"line":137,"column":13},"end":{"line":137,"column":18}},{"start":{"line":138,"column":14},"end":{"line":140,"column":20}}],"line":137},"3":{"loc":{"start":{"line":145,"column":15},"end":{"line":162,"column":15}},"type":"cond-expr","locations":[{"start":{"line":146,"column":16},"end":{"line":157,"column":18}},{"start":{"line":159,"column":16},"end":{"line":161,"column":22}}],"line":145},"4":{"loc":{"start":{"line":182,"column":20},"end":{"line":184,"column":51}},"type":"cond-expr","locations":[{"start":{"line":183,"column":24},"end":{"line":183,"column":48}},{"start":{"line":184,"column":24},"end":{"line":184,"column":51}}],"line":182}},"s":{"0":1,"1":1,"2":26,"3":26,"4":26,"5":26,"6":26,"7":26,"8":26,"9":26,"10":26,"11":9,"12":1,"13":1,"14":8,"15":8,"16":8,"17":8,"18":8,"19":6,"20":6,"21":1,"22":7,"23":8,"24":26,"25":8,"26":0,"27":8,"28":8,"29":26,"30":13,"31":26,"32":1,"33":26,"34":2,"35":10,"36":10,"37":1,"38":0,"39":0,"40":31,"41":1,"42":0,"43":0},"f":{"0":26,"1":9,"2":8,"3":8,"4":0,"5":8,"6":13,"7":1,"8":2,"9":10,"10":1,"11":0,"12":0,"13":31,"14":1,"15":0,"16":0},"b":{"0":[1,8],"1":[8,18],"2":[18,1],"3":[8,10],"4":[18,13]},"_coverageSchema":"1a1c01bbd47fc00a2c39e90264f33305004495a9","hash":"29990a6be327977d35cfe3e40b07478303632c6d"}
,"C:\\Bootcam FE23+\\latihan-React\\ASSIGMENTDAY30\\assignment_30\\src\\pages\\LoginPage.jsx": {"path":"C:\\Bootcam FE23+\\latihan-React\\ASSIGMENTDAY30\\assignment_30\\src\\pages\\LoginPage.jsx","statementMap":{"0":{"start":{"line":7,"column":18},"end":{"line":189,"column":1}},"1":{"start":{"line":8,"column":19},"end":{"line":8,"column":32}},"2":{"start":{"line":9,"column":26},"end":{"line":13,"column":4}},"3":{"start":{"line":14,"column":28},"end":{"line":14,"column":40}},"4":{"start":{"line":15,"column":44},"end":{"line":15,"column":59}},"5":{"start":{"line":16,"column":32},"end":{"line":16,"column":47}},"6":{"start":{"line":18,"column":23},"end":{"line":24,"column":3}},"7":{"start":{"line":19,"column":43},"end":{"line":19,"column":51}},"8":{"start":{"line":20,"column":4},"end":{"line":23,"column":7}},"9":{"start":{"line":26,"column":23},"end":{"line":44,"column":3}},"10":{"start":{"line":27,"column":4},"end":{"line":27,"column":23}},"11":{"start":{"line":28,"column":4},"end":{"line":28,"column":17}},"12":{"start":{"line":29,"column":4},"end":{"line":29,"column":21}},"13":{"start":{"line":31,"column":4},"end":{"line":43,"column":5}},"14":{"start":{"line":32,"column":18},"end":{"line":32,"column":48}},"15":{"start":{"line":34,"column":6},"end":{"line":34,"column":52}},"16":{"start":{"line":35,"column":6},"end":{"line":35,"column":60}},"17":{"start":{"line":37,"column":6},"end":{"line":37,"column":20}},"18":{"start":{"line":39,"column":6},"end":{"line":39,"column":41}},"19":{"start":{"line":40,"column":6},"end":{"line":40,"column":59}},"20":{"start":{"line":42,"column":6},"end":{"line":42,"column":24}},"21":{"start":{"line":46,"column":2},"end":{"line":188,"column":4}},"22":{"start":{"line":60,"column":29},"end":{"line":60,"column":42}},"23":{"start":{"line":173,"column":29},"end":{"line":173,"column":51}},"24":{"start":{"line":185,"column":23},"end":{"line":185,"column":46}}},"fnMap":{"0":{"name":"(anonymous_0)","decl":{"start":{"line":7,"column":18},"end":{"line":7,"column":19}},"loc":{"start":{"line":7,"column":24},"end":{"line":189,"column":1}},"line":7},"1":{"name":"(anonymous_1)","decl":{"start":{"line":18,"column":23},"end":{"line":18,"column":24}},"loc":{"start":{"line":18,"column":30},"end":{"line":24,"column":3}},"line":18},"2":{"name":"(anonymous_2)","decl":{"start":{"line":26,"column":23},"end":{"line":26,"column":24}},"loc":{"start":{"line":26,"column":36},"end":{"line":44,"column":3}},"line":26},"3":{"name":"(anonymous_3)","decl":{"start":{"line":60,"column":23},"end":{"line":60,"column":24}},"loc":{"start":{"line":60,"column":29},"end":{"line":60,"column":42}},"line":60},"4":{"name":"(anonymous_4)","decl":{"start":{"line":173,"column":23},"end":{"line":173,"column":24}},"loc":{"start":{"line":173,"column":29},"end":{"line":173,"column":51}},"line":173},"5":{"name":"(anonymous_5)","decl":{"start":{"line":185,"column":17},"end":{"line":185,"column":18}},"loc":{"start":{"line":185,"column":23},"end":{"line":185,"column":46}},"line":185}},"branchMap":{"0":{"loc":{"start":{"line":22,"column":14},"end":{"line":22,"column":51}},"type":"cond-expr","locations":[{"start":{"line":22,"column":36},"end":{"line":22,"column":43}},{"start":{"line":22,"column":46},"end":{"line":22,"column":51}}],"line":22},"1":{"loc":{"start":{"line":132,"column":18},"end":{"line":134,"column":64}},"type":"cond-expr","locations":[{"start":{"line":133,"column":22},"end":{"line":133,"column":54}},{"start":{"line":134,"column":22},"end":{"line":134,"column":64}}],"line":132},"2":{"loc":{"start":{"line":137,"column":17},"end":{"line":158,"column":17}},"type":"binary-expr","locations":[{"start":{"line":137,"column":17},"end":{"line":137,"column":24}},{"start":{"line":138,"column":18},"end":{"line":157,"column":24}}],"line":137},"3":{"loc":{"start":{"line":159,"column":17},"end":{"line":159,"column":52}},"type":"cond-expr","locations":[{"start":{"line":159,"column":27},"end":{"line":159,"column":42}},{"start":{"line":159,"column":45},"end":{"line":159,"column":52}}],"line":159},"4":{"loc":{"start":{"line":170,"column":13},"end":{"line":170,"column":78}},"type":"binary-expr","locations":[{"start":{"line":170,"column":13},"end":{"line":170,"column":18}},{"start":{"line":170,"column":22},"end":{"line":170,"column":78}}],"line":170}},"s":{"0":1,"1":16,"2":16,"3":16,"4":16,"5":16,"6":16,"7":6,"8":6,"9":16,"10":2,"11":2,"12":2,"13":2,"14":2,"15":1,"16":1,"17":1,"18":1,"19":1,"20":2,"21":16,"22":0,"23":1,"24":0},"f":{"0":16,"1":6,"2":2,"3":0,"4":1,"5":0},"b":{"0":[0,6],"1":[2,14],"2":[16,2],"3":[2,14],"4":[16,1]},"_coverageSchema":"1a1c01bbd47fc00a2c39e90264f33305004495a9","hash":"6dc2e5f1537564ef4773a1da8580044286ba5849"}
,"C:\\Bootcam FE23+\\latihan-React\\ASSIGMENTDAY30\\assignment_30\\src\\pages\\RegisterPage.jsx": {"path":"C:\\Bootcam FE23+\\latihan-React\\ASSIGMENTDAY30\\assignment_30\\src\\pages\\RegisterPage.jsx","statementMap":{"0":{"start":{"line":7,"column":21},"end":{"line":187,"column":1}},"1":{"start":{"line":8,"column":19},"end":{"line":8,"column":32}},"2":{"start":{"line":9,"column":26},"end":{"line":9,"column":63}},"3":{"start":{"line":10,"column":28},"end":{"line":10,"column":40}},"4":{"start":{"line":11,"column":46},"end":{"line":11,"column":58}},"5":{"start":{"line":12,"column":32},"end":{"line":12,"column":47}},"6":{"start":{"line":13,"column":44},"end":{"line":13,"column":59}},"7":{"start":{"line":15,"column":23},"end":{"line":17,"column":3}},"8":{"start":{"line":16,"column":4},"end":{"line":16,"column":58}},"9":{"start":{"line":19,"column":23},"end":{"line":47,"column":3}},"10":{"start":{"line":20,"column":4},"end":{"line":20,"column":23}},"11":{"start":{"line":21,"column":4},"end":{"line":21,"column":17}},"12":{"start":{"line":22,"column":4},"end":{"line":22,"column":26}},"13":{"start":{"line":24,"column":4},"end":{"line":27,"column":5}},"14":{"start":{"line":25,"column":6},"end":{"line":25,"column":57}},"15":{"start":{"line":26,"column":6},"end":{"line":26,"column":13}},"16":{"start":{"line":29,"column":4},"end":{"line":29,"column":21}},"17":{"start":{"line":30,"column":4},"end":{"line":46,"column":5}},"18":{"start":{"line":31,"column":18},"end":{"line":31,"column":51}},"19":{"start":{"line":32,"column":6},"end":{"line":40,"column":7}},"20":{"start":{"line":33,"column":8},"end":{"line":33,"column":54}},"21":{"start":{"line":34,"column":8},"end":{"line":34,"column":65}},"22":{"start":{"line":35,"column":8},"end":{"line":37,"column":17}},"23":{"start":{"line":36,"column":10},"end":{"line":36,"column":29}},"24":{"start":{"line":39,"column":8},"end":{"line":39,"column":67}},"25":{"start":{"line":42,"column":6},"end":{"line":42,"column":74}},"26":{"start":{"line":43,"column":6},"end":{"line":43,"column":77}},"27":{"start":{"line":45,"column":6},"end":{"line":45,"column":24}},"28":{"start":{"line":49,"column":2},"end":{"line":186,"column":4}},"29":{"start":{"line":63,"column":29},"end":{"line":63,"column":42}},"30":{"start":{"line":172,"column":29},"end":{"line":172,"column":51}},"31":{"start":{"line":183,"column":23},"end":{"line":183,"column":46}}},"fnMap":{"0":{"name":"(anonymous_0)","decl":{"start":{"line":7,"column":21},"end":{"line":7,"column":22}},"loc":{"start":{"line":7,"column":27},"end":{"line":187,"column":1}},"line":7},"1":{"name":"(anonymous_1)","decl":{"start":{"line":15,"column":23},"end":{"line":15,"column":24}},"loc":{"start":{"line":15,"column":30},"end":{"line":17,"column":3}},"line":15},"2":{"name":"(anonymous_2)","decl":{"start":{"line":19,"column":23},"end":{"line":19,"column":24}},"loc":{"start":{"line":19,"column":36},"end":{"line":47,"column":3}},"line":19},"3":{"name":"(anonymous_3)","decl":{"start":{"line":35,"column":19},"end":{"line":35,"column":20}},"loc":{"start":{"line":35,"column":25},"end":{"line":37,"column":9}},"line":35},"4":{"name":"(anonymous_4)","decl":{"start":{"line":63,"column":23},"end":{"line":63,"column":24}},"loc":{"start":{"line":63,"column":29},"end":{"line":63,"column":42}},"line":63},"5":{"name":"(anonymous_5)","decl":{"start":{"line":172,"column":23},"end":{"line":172,"column":24}},"loc":{"start":{"line":172,"column":29},"end":{"line":172,"column":51}},"line":172},"6":{"name":"(anonymous_6)","decl":{"start":{"line":183,"column":17},"end":{"line":183,"column":18}},"loc":{"start":{"line":183,"column":23},"end":{"line":183,"column":46}},"line":183}},"branchMap":{"0":{"loc":{"start":{"line":24,"column":4},"end":{"line":27,"column":5}},"type":"if","locations":[{"start":{"line":24,"column":4},"end":{"line":27,"column":5}},{"start":{},"end":{}}],"line":24},"1":{"loc":{"start":{"line":24,"column":8},"end":{"line":24,"column":37}},"type":"binary-expr","locations":[{"start":{"line":24,"column":8},"end":{"line":24,"column":19}},{"start":{"line":24,"column":23},"end":{"line":24,"column":37}}],"line":24},"2":{"loc":{"start":{"line":32,"column":6},"end":{"line":40,"column":7}},"type":"if","locations":[{"start":{"line":32,"column":6},"end":{"line":40,"column":7}},{"start":{"line":38,"column":13},"end":{"line":40,"column":7}}],"line":32},"3":{"loc":{"start":{"line":42,"column":39},"end":{"line":42,"column":72}},"type":"binary-expr","locations":[{"start":{"line":42,"column":39},"end":{"line":42,"column":57}},{"start":{"line":42,"column":61},"end":{"line":42,"column":72}}],"line":42},"4":{"loc":{"start":{"line":115,"column":18},"end":{"line":117,"column":64}},"type":"cond-expr","locations":[{"start":{"line":116,"column":22},"end":{"line":116,"column":54}},{"start":{"line":117,"column":22},"end":{"line":117,"column":64}}],"line":115},"5":{"loc":{"start":{"line":120,"column":17},"end":{"line":141,"column":17}},"type":"binary-expr","locations":[{"start":{"line":120,"column":17},"end":{"line":120,"column":24}},{"start":{"line":121,"column":18},"end":{"line":140,"column":24}}],"line":120},"6":{"loc":{"start":{"line":142,"column":17},"end":{"line":142,"column":56}},"type":"cond-expr","locations":[{"start":{"line":142,"column":27},"end":{"line":142,"column":43}},{"start":{"line":142,"column":46},"end":{"line":142,"column":56}}],"line":142},"7":{"loc":{"start":{"line":146,"column":13},"end":{"line":153,"column":13}},"type":"binary-expr","locations":[{"start":{"line":146,"column":13},"end":{"line":146,"column":27}},{"start":{"line":147,"column":14},"end":{"line":152,"column":18}}],"line":146},"8":{"loc":{"start":{"line":154,"column":13},"end":{"line":161,"column":13}},"type":"binary-expr","locations":[{"start":{"line":154,"column":13},"end":{"line":154,"column":18}},{"start":{"line":155,"column":14},"end":{"line":160,"column":18}}],"line":154}},"s":{"0":1,"1":12,"2":12,"3":12,"4":12,"5":12,"6":12,"7":12,"8":4,"9":12,"10":3,"11":3,"12":3,"13":3,"14":1,"15":1,"16":2,"17":2,"18":2,"19":1,"20":1,"21":1,"22":1,"23":1,"24":0,"25":1,"26":1,"27":2,"28":12,"29":0,"30":0,"31":0},"f":{"0":12,"1":4,"2":3,"3":1,"4":0,"5":0,"6":0},"b":{"0":[1,2],"1":[3,2],"2":[1,0],"3":[1,0],"4":[2,10],"5":[12,2],"6":[2,10],"7":[12,1],"8":[12,2]},"_coverageSchema":"1a1c01bbd47fc00a2c39e90264f33305004495a9","hash":"d3eb9376bf49d4011d279d7280fcaa0eddb354c9"}
,"C:\\Bootcam FE23+\\latihan-React\\ASSIGMENTDAY30\\assignment_30\\src\\pages\\UserDetailPage.jsx": {"path":"C:\\Bootcam FE23+\\latihan-React\\ASSIGMENTDAY30\\assignment_30\\src\\pages\\UserDetailPage.jsx","statementMap":{"0":{"start":{"line":6,"column":23},"end":{"line":103,"column":1}},"1":{"start":{"line":7,"column":17},"end":{"line":7,"column":28}},"2":{"start":{"line":8,"column":19},"end":{"line":8,"column":32}},"3":{"start":{"line":9,"column":26},"end":{"line":9,"column":40}},"4":{"start":{"line":10,"column":28},"end":{"line":10,"column":40}},"5":{"start":{"line":11,"column":32},"end":{"line":11,"column":46}},"6":{"start":{"line":13,"column":2},"end":{"line":38,"column":11}},"7":{"start":{"line":14,"column":22},"end":{"line":35,"column":5}},"8":{"start":{"line":15,"column":6},"end":{"line":34,"column":7}},"9":{"start":{"line":16,"column":22},"end":{"line":16,"column":51}},"10":{"start":{"line":17,"column":20},"end":{"line":22,"column":10}},"11":{"start":{"line":24,"column":8},"end":{"line":28,"column":9}},"12":{"start":{"line":25,"column":10},"end":{"line":25,"column":44}},"13":{"start":{"line":27,"column":10},"end":{"line":27,"column":33}},"14":{"start":{"line":30,"column":8},"end":{"line":30,"column":55}},"15":{"start":{"line":31,"column":8},"end":{"line":31,"column":46}},"16":{"start":{"line":33,"column":8},"end":{"line":33,"column":26}},"17":{"start":{"line":37,"column":4},"end":{"line":37,"column":16}},"18":{"start":{"line":40,"column":2},"end":{"line":70,"column":3}},"19":{"start":{"line":41,"column":4},"end":{"line":69,"column":6}},"20":{"start":{"line":72,"column":2},"end":{"line":82,"column":3}},"21":{"start":{"line":73,"column":4},"end":{"line":81,"column":6}},"22":{"start":{"line":84,"column":2},"end":{"line":102,"column":4}},"23":{"start":{"line":93,"column":27},"end":{"line":93,"column":39}}},"fnMap":{"0":{"name":"(anonymous_0)","decl":{"start":{"line":6,"column":23},"end":{"line":6,"column":24}},"loc":{"start":{"line":6,"column":29},"end":{"line":103,"column":1}},"line":6},"1":{"name":"(anonymous_1)","decl":{"start":{"line":13,"column":12},"end":{"line":13,"column":13}},"loc":{"start":{"line":13,"column":18},"end":{"line":38,"column":3}},"line":13},"2":{"name":"(anonymous_2)","decl":{"start":{"line":14,"column":22},"end":{"line":14,"column":23}},"loc":{"start":{"line":14,"column":34},"end":{"line":35,"column":5}},"line":14},"3":{"name":"(anonymous_3)","decl":{"start":{"line":93,"column":21},"end":{"line":93,"column":22}},"loc":{"start":{"line":93,"column":27},"end":{"line":93,"column":39}},"line":93}},"branchMap":{"0":{"loc":{"start":{"line":24,"column":8},"end":{"line":28,"column":9}},"type":"if","locations":[{"start":{"line":24,"column":8},"end":{"line":28,"column":9}},{"start":{"line":26,"column":15},"end":{"line":28,"column":9}}],"line":24},"1":{"loc":{"start":{"line":40,"column":2},"end":{"line":70,"column":3}},"type":"if","locations":[{"start":{"line":40,"column":2},"end":{"line":70,"column":3}},{"start":{},"end":{}}],"line":40},"2":{"loc":{"start":{"line":72,"column":2},"end":{"line":82,"column":3}},"type":"if","locations":[{"start":{"line":72,"column":2},"end":{"line":82,"column":3}},{"start":{},"end":{}}],"line":72},"3":{"loc":{"start":{"line":88,"column":9},"end":{"line":88,"column":41}},"type":"binary-expr","locations":[{"start":{"line":88,"column":9},"end":{"line":88,"column":13}},{"start":{"line":88,"column":17},"end":{"line":88,"column":41}}],"line":88}},"s":{"0":1,"1":9,"2":9,"3":9,"4":9,"5":9,"6":9,"7":5,"8":5,"9":5,"10":5,"11":3,"12":1,"13":2,"14":1,"15":1,"16":4,"17":5,"18":9,"19":5,"20":4,"21":2,"22":2,"23":1},"f":{"0":9,"1":5,"2":5,"3":1},"b":{"0":[1,2],"1":[5,4],"2":[2,2],"3":[2,2]},"_coverageSchema":"1a1c01bbd47fc00a2c39e90264f33305004495a9","hash":"eeda804b20efc88f29471cd8300532a77998cce6"}
,"C:\\Bootcam FE23+\\latihan-React\\ASSIGMENTDAY30\\assignment_30\\src\\services\\Api.jsx": {"path":"C:\\Bootcam FE23+\\latihan-React\\ASSIGMENTDAY30\\assignment_30\\src\\services\\Api.jsx","statementMap":{"0":{"start":{"line":3,"column":12},"end":{"line":8,"column":2}}},"fnMap":{},"branchMap":{},"s":{"0":1},"f":{},"b":{},"_coverageSchema":"1a1c01bbd47fc00a2c39e90264f33305004495a9","hash":"dc2c21902eb937f62f58d24bf9eee28094affad9"}
}
