TN:
SF:fileMock.js
FNF:0
FNH:0
LF:0
LH:0
BRF:0
BRH:0
end_of_record
TN:
SF:src\components\EmailInfoModal.jsx
FN:3,(anonymous_0)
FN:16,(anonymous_1)
FNF:2
FNH:2
FNDA:17,(anonymous_0)
FNDA:2,(anonymous_1)
DA:3,2
DA:4,17
DA:6,4
DA:16,2
LF:4
LH:4
BRDA:4,0,0,13
BRDA:4,0,1,4
BRF:2
BRH:2
end_of_record
TN:
SF:src\components\HomeCard.jsx
FN:4,HomeCard
FNF:1
FNH:1
FNDA:3,HomeCard
DA:5,3
DA:46,1
LF:2
LH:2
BRDA:31,0,0,3
BRDA:31,0,1,1
BRDA:31,1,0,3
BRDA:31,1,1,1
BRDA:32,2,0,3
BRDA:32,2,1,1
BRF:6
BRH:6
end_of_record
TN:
SF:src\components\Navbar.jsx
FN:4,(anonymous_0)
FN:13,(anonymous_1)
FN:14,(anonymous_2)
FN:23,(anonymous_3)
FN:29,(anonymous_4)
FN:30,(anonymous_5)
FN:42,(anonymous_6)
FN:47,(anonymous_7)
FN:48,(anonymous_8)
FN:50,(anonymous_9)
FN:77,(anonymous_10)
FN:118,(anonymous_11)
FN:125,(anonymous_12)
FN:182,(anonymous_13)
FN:193,(anonymous_14)
FN:200,(anonymous_15)
FN:207,(anonymous_16)
FNF:17
FNH:13
FNDA:42,(anonymous_0)
FNDA:13,(anonymous_1)
FNDA:15,(anonymous_2)
FNDA:13,(anonymous_3)
FNDA:21,(anonymous_4)
FNDA:1,(anonymous_5)
FNDA:21,(anonymous_6)
FNDA:8,(anonymous_7)
FNDA:5,(anonymous_8)
FNDA:2,(anonymous_9)
FNDA:0,(anonymous_10)
FNDA:1,(anonymous_11)
FNDA:0,(anonymous_12)
FNDA:0,(anonymous_13)
FNDA:0,(anonymous_14)
FNDA:1,(anonymous_15)
FNDA:1,(anonymous_16)
DA:4,1
DA:5,42
DA:6,42
DA:7,42
DA:9,42
DA:10,42
DA:11,42
DA:13,42
DA:14,13
DA:15,15
DA:18,13
DA:20,13
DA:21,13
DA:23,13
DA:24,13
DA:25,13
DA:29,42
DA:30,21
DA:31,1
DA:32,1
DA:36,21
DA:37,5
DA:39,16
DA:42,21
DA:43,21
DA:47,42
DA:48,42
DA:50,42
DA:51,2
DA:52,2
DA:53,2
DA:54,2
DA:55,2
DA:59,42
DA:63,42
DA:77,0
DA:118,1
DA:125,0
DA:182,0
DA:193,0
DA:200,1
DA:208,1
DA:209,1
LF:43
LH:39
BRDA:31,0,0,1
BRDA:31,0,1,0
BRDA:31,1,0,1
BRDA:31,1,1,1
BRDA:36,2,0,5
BRDA:36,2,1,16
BRDA:59,3,0,42
BRDA:59,3,1,41
BRDA:59,3,2,41
BRDA:73,4,0,42
BRDA:73,4,1,1
BRDA:107,5,0,42
BRDA:107,5,1,8
BRDA:113,6,0,6
BRDA:113,6,1,2
BRDA:156,7,0,11
BRDA:156,7,1,31
BRDA:176,8,0,42
BRDA:176,8,1,11
BRDA:178,9,0,11
BRDA:178,9,1,0
BRDA:188,10,0,10
BRDA:188,10,1,1
BRF:23
BRH:21
end_of_record
TN:
SF:src\components\UserCard.jsx
FN:47,(anonymous_0)
FN:83,(anonymous_1)
FN:104,(anonymous_2)
FN:186,(anonymous_3)
FNF:4
FNH:4
FNDA:5,(anonymous_0)
FNDA:12,(anonymous_1)
FNDA:3,(anonymous_2)
FNDA:12,(anonymous_3)
DA:3,1
DA:10,1
DA:28,1
DA:47,1
DA:48,5
DA:49,1
DA:54,4
DA:84,12
DA:105,3
DA:187,12
LF:10
LH:10
BRDA:47,0,0,2
BRDA:48,1,0,1
BRDA:48,1,1,4
BRDA:100,2,0,4
BRDA:100,2,1,2
BRDA:109,3,0,3
BRDA:109,3,1,3
BRDA:133,4,0,3
BRDA:133,4,1,3
BRF:9
BRH:9
end_of_record
TN:
SF:src\pages\HomePage.jsx
FN:15,(anonymous_0)
FN:25,(anonymous_1)
FN:31,(anonymous_2)
FN:56,(anonymous_3)
FN:57,(anonymous_4)
FN:60,(anonymous_5)
FN:63,(anonymous_6)
FN:69,(anonymous_7)
FN:121,(anonymous_8)
FN:146,(anonymous_9)
FN:154,(anonymous_10)
FN:171,(anonymous_11)
FN:171,(anonymous_12)
FN:177,(anonymous_13)
FN:180,(anonymous_14)
FN:191,(anonymous_15)
FN:191,(anonymous_16)
FNF:17
FNH:12
FNDA:26,(anonymous_0)
FNDA:9,(anonymous_1)
FNDA:8,(anonymous_2)
FNDA:8,(anonymous_3)
FNDA:0,(anonymous_4)
FNDA:8,(anonymous_5)
FNDA:13,(anonymous_6)
FNDA:1,(anonymous_7)
FNDA:2,(anonymous_8)
FNDA:10,(anonymous_9)
FNDA:1,(anonymous_10)
FNDA:0,(anonymous_11)
FNDA:0,(anonymous_12)
FNDA:31,(anonymous_13)
FNDA:1,(anonymous_14)
FNDA:0,(anonymous_15)
FNDA:0,(anonymous_16)
DA:6,1
DA:15,1
DA:16,26
DA:17,26
DA:18,26
DA:19,26
DA:20,26
DA:21,26
DA:22,26
DA:23,26
DA:25,26
DA:26,9
DA:27,1
DA:28,1
DA:31,8
DA:32,8
DA:33,8
DA:34,8
DA:35,8
DA:44,6
DA:45,6
DA:47,1
DA:49,7
DA:53,8
DA:56,26
DA:57,8
DA:58,0
DA:60,8
DA:63,26
DA:64,13
DA:69,26
DA:70,1
DA:73,26
DA:121,2
DA:148,10
DA:149,10
DA:154,1
DA:171,0
DA:178,31
DA:180,1
DA:191,0
LF:41
LH:38
BRDA:26,0,0,1
BRDA:26,0,1,8
BRDA:76,1,0,8
BRDA:76,1,1,18
BRDA:137,2,0,18
BRDA:137,2,1,1
BRDA:145,3,0,8
BRDA:145,3,1,10
BRDA:182,4,0,18
BRDA:182,4,1,13
BRF:10
BRH:10
end_of_record
TN:
SF:src\pages\LoginPage.jsx
FN:7,(anonymous_0)
FN:18,(anonymous_1)
FN:26,(anonymous_2)
FN:60,(anonymous_3)
FN:173,(anonymous_4)
FN:185,(anonymous_5)
FNF:6
FNH:4
FNDA:16,(anonymous_0)
FNDA:6,(anonymous_1)
FNDA:2,(anonymous_2)
FNDA:0,(anonymous_3)
FNDA:1,(anonymous_4)
FNDA:0,(anonymous_5)
DA:7,1
DA:8,16
DA:9,16
DA:14,16
DA:15,16
DA:16,16
DA:18,16
DA:19,6
DA:20,6
DA:26,16
DA:27,2
DA:28,2
DA:29,2
DA:31,2
DA:32,2
DA:34,1
DA:35,1
DA:37,1
DA:39,1
DA:40,1
DA:42,2
DA:46,16
DA:60,0
DA:173,1
DA:185,0
LF:25
LH:23
BRDA:22,0,0,0
BRDA:22,0,1,6
BRDA:132,1,0,2
BRDA:132,1,1,14
BRDA:137,2,0,16
BRDA:137,2,1,2
BRDA:159,3,0,2
BRDA:159,3,1,14
BRDA:170,4,0,16
BRDA:170,4,1,1
BRF:10
BRH:9
end_of_record
TN:
SF:src\pages\RegisterPage.jsx
FN:7,(anonymous_0)
FN:15,(anonymous_1)
FN:19,(anonymous_2)
FN:35,(anonymous_3)
FN:63,(anonymous_4)
FN:172,(anonymous_5)
FN:183,(anonymous_6)
FNF:7
FNH:4
FNDA:12,(anonymous_0)
FNDA:4,(anonymous_1)
FNDA:3,(anonymous_2)
FNDA:1,(anonymous_3)
FNDA:0,(anonymous_4)
FNDA:0,(anonymous_5)
FNDA:0,(anonymous_6)
DA:7,1
DA:8,12
DA:9,12
DA:10,12
DA:11,12
DA:12,12
DA:13,12
DA:15,12
DA:16,4
DA:19,12
DA:20,3
DA:21,3
DA:22,3
DA:24,3
DA:25,1
DA:26,1
DA:29,2
DA:30,2
DA:31,2
DA:32,1
DA:33,1
DA:34,1
DA:35,1
DA:36,1
DA:39,0
DA:42,1
DA:43,1
DA:45,2
DA:49,12
DA:63,0
DA:172,0
DA:183,0
LF:32
LH:28
BRDA:24,0,0,1
BRDA:24,0,1,2
BRDA:24,1,0,3
BRDA:24,1,1,2
BRDA:32,2,0,1
BRDA:32,2,1,0
BRDA:42,3,0,1
BRDA:42,3,1,0
BRDA:115,4,0,2
BRDA:115,4,1,10
BRDA:120,5,0,12
BRDA:120,5,1,2
BRDA:142,6,0,2
BRDA:142,6,1,10
BRDA:146,7,0,12
BRDA:146,7,1,1
BRDA:154,8,0,12
BRDA:154,8,1,2
BRF:18
BRH:16
end_of_record
TN:
SF:src\pages\UserDetailPage.jsx
FN:6,(anonymous_0)
FN:13,(anonymous_1)
FN:14,(anonymous_2)
FN:93,(anonymous_3)
FNF:4
FNH:4
FNDA:9,(anonymous_0)
FNDA:5,(anonymous_1)
FNDA:5,(anonymous_2)
FNDA:1,(anonymous_3)
DA:6,1
DA:7,9
DA:8,9
DA:9,9
DA:10,9
DA:11,9
DA:13,9
DA:14,5
DA:15,5
DA:16,5
DA:17,5
DA:24,3
DA:25,1
DA:27,2
DA:30,1
DA:31,1
DA:33,4
DA:37,5
DA:40,9
DA:41,5
DA:72,4
DA:73,2
DA:84,2
DA:93,1
LF:24
LH:24
BRDA:24,0,0,1
BRDA:24,0,1,2
BRDA:40,1,0,5
BRDA:40,1,1,4
BRDA:72,2,0,2
BRDA:72,2,1,2
BRDA:88,3,0,2
BRDA:88,3,1,2
BRF:8
BRH:8
end_of_record
TN:
SF:src\services\Api.jsx
FNF:0
FNH:0
DA:3,1
LF:1
LH:1
BRF:0
BRH:0
end_of_record
